{"/Users/kondoutsubasa/src/react-testing-library-wrapper/src/index.ts": {"path":"/Users/kondoutsubasa/src/react-testing-library-wrapper/src/index.ts","statementMap":{"0":{"start":{"line":2,"column":0},"end":{"line":2,"column":73}},"1":{"start":{"line":6,"column":8},"end":{"line":6,"column":40}},"2":{"start":{"line":11,"column":21},"end":{"line":11,"column":52}},"3":{"start":{"line":12,"column":8},"end":{"line":12,"column":31}},"4":{"start":{"line":16,"column":21},"end":{"line":16,"column":52}},"5":{"start":{"line":17,"column":8},"end":{"line":17,"column":61}},"6":{"start":{"line":21,"column":21},"end":{"line":21,"column":52}},"7":{"start":{"line":22,"column":8},"end":{"line":22,"column":30}},"8":{"start":{"line":27,"column":8},"end":{"line":27,"column":47}},"9":{"start":{"line":32,"column":8},"end":{"line":32,"column":49}},"10":{"start":{"line":37,"column":8},"end":{"line":37,"column":54}},"11":{"start":{"line":42,"column":8},"end":{"line":42,"column":50}},"12":{"start":{"line":47,"column":8},"end":{"line":47,"column":52}},"13":{"start":{"line":52,"column":8},"end":{"line":52,"column":51}},"14":{"start":{"line":3,"column":0},"end":{"line":3,"column":21}}},"fnMap":{"0":{"name":"(anonymous_7)","decl":{"start":{"line":5,"column":4},"end":{"line":5,"column":16}},"loc":{"start":{"line":5,"column":39},"end":{"line":7,"column":5}}},"1":{"name":"(anonymous_8)","decl":{"start":{"line":10,"column":4},"end":{"line":10,"column":10}},"loc":{"start":{"line":10,"column":25},"end":{"line":13,"column":5}}},"2":{"name":"(anonymous_9)","decl":{"start":{"line":15,"column":4},"end":{"line":15,"column":15}},"loc":{"start":{"line":15,"column":54},"end":{"line":18,"column":5}}},"3":{"name":"(anonymous_10)","decl":{"start":{"line":20,"column":4},"end":{"line":20,"column":9}},"loc":{"start":{"line":20,"column":24},"end":{"line":23,"column":5}}},"4":{"name":"(anonymous_11)","decl":{"start":{"line":26,"column":4},"end":{"line":26,"column":7}},"loc":{"start":{"line":26,"column":22},"end":{"line":28,"column":5}}},"5":{"name":"(anonymous_12)","decl":{"start":{"line":31,"column":4},"end":{"line":31,"column":9}},"loc":{"start":{"line":31,"column":24},"end":{"line":33,"column":5}}},"6":{"name":"(anonymous_13)","decl":{"start":{"line":36,"column":10},"end":{"line":36,"column":14}},"loc":{"start":{"line":36,"column":29},"end":{"line":38,"column":null}}},"7":{"name":"(anonymous_15)","decl":{"start":{"line":41,"column":4},"end":{"line":41,"column":10}},"loc":{"start":{"line":41,"column":25},"end":{"line":43,"column":5}}},"8":{"name":"(anonymous_16)","decl":{"start":{"line":46,"column":4},"end":{"line":46,"column":12}},"loc":{"start":{"line":46,"column":27},"end":{"line":48,"column":5}}},"9":{"name":"(anonymous_17)","decl":{"start":{"line":51,"column":10},"end":{"line":51,"column":17}},"loc":{"start":{"line":51,"column":32},"end":{"line":53,"column":null}}}},"branchMap":{},"s":{"0":1,"1":11,"2":1,"3":1,"4":3,"5":3,"6":3,"7":3,"8":2,"9":1,"10":1,"11":1,"12":1,"13":1,"14":1},"f":{"0":11,"1":1,"2":3,"3":3,"4":2,"5":1,"6":1,"7":1,"8":1,"9":1},"b":{}}
,"/Users/kondoutsubasa/src/react-testing-library-wrapper/src/__test__/TestForm.tsx": {"path":"/Users/kondoutsubasa/src/react-testing-library-wrapper/src/__test__/TestForm.tsx","statementMap":{"0":{"start":{"line":1,"column":0},"end":{"line":1,"column":54}},"1":{"start":{"line":7,"column":34},"end":{"line":30,"column":1}},"2":{"start":{"line":8,"column":30},"end":{"line":8,"column":62}},"3":{"start":{"line":10,"column":25},"end":{"line":13,"column":5}},"4":{"start":{"line":11,"column":8},"end":{"line":11,"column":31}},"5":{"start":{"line":12,"column":8},"end":{"line":12,"column":31}},"6":{"start":{"line":15,"column":24},"end":{"line":17,"column":5}},"7":{"start":{"line":16,"column":8},"end":{"line":16,"column":null}},"8":{"start":{"line":19,"column":25},"end":{"line":21,"column":5}},"9":{"start":{"line":20,"column":8},"end":{"line":20,"column":44}},"10":{"start":{"line":23,"column":4},"end":{"line":29,"column":null}},"11":{"start":{"line":31,"column":0},"end":{"line":31,"column":24}}},"fnMap":{"0":{"name":"(anonymous_1)","decl":{"start":{"line":7,"column":34},"end":{"line":7,"column":39}},"loc":{"start":{"line":7,"column":42},"end":{"line":30,"column":1}}},"1":{"name":"(anonymous_2)","decl":{"start":{"line":10,"column":25},"end":{"line":10,"column":26}},"loc":{"start":{"line":10,"column":52},"end":{"line":13,"column":5}}},"2":{"name":"(anonymous_3)","decl":{"start":{"line":15,"column":24},"end":{"line":15,"column":33}},"loc":{"start":{"line":15,"column":35},"end":{"line":17,"column":5}}},"3":{"name":"(anonymous_4)","decl":{"start":{"line":19,"column":25},"end":{"line":19,"column":26}},"loc":{"start":{"line":19,"column":72},"end":{"line":21,"column":5}}}},"branchMap":{},"s":{"0":1,"1":1,"2":15,"3":15,"4":3,"5":3,"6":15,"7":1,"8":15,"9":3,"10":15,"11":1},"f":{"0":15,"1":3,"2":1,"3":3},"b":{}}
}
