TN:
SF:src/index.ts
FN:5,(anonymous_7)
FN:10,(anonymous_8)
FN:15,(anonymous_9)
FN:20,(anonymous_10)
FN:26,(anonymous_11)
FN:31,(anonymous_12)
FN:36,(anonymous_13)
FN:41,(anonymous_15)
FN:46,(anonymous_16)
FN:51,(anonymous_17)
FNF:10
FNH:10
FNDA:11,(anonymous_7)
FNDA:1,(anonymous_8)
FNDA:3,(anonymous_9)
FNDA:3,(anonymous_10)
FNDA:2,(anonymous_11)
FNDA:1,(anonymous_12)
FNDA:1,(anonymous_13)
FNDA:1,(anonymous_15)
FNDA:1,(anonymous_16)
FNDA:1,(anonymous_17)
DA:2,1
DA:3,1
DA:6,11
DA:11,1
DA:12,1
DA:16,3
DA:17,3
DA:21,3
DA:22,3
DA:27,2
DA:32,1
DA:37,1
DA:42,1
DA:47,1
DA:52,1
LF:15
LH:15
BRF:0
BRH:0
end_of_record
TN:
SF:src/__test__/TestForm.tsx
FN:7,(anonymous_1)
FN:10,(anonymous_2)
FN:15,(anonymous_3)
FN:19,(anonymous_4)
FNF:4
FNH:4
FNDA:15,(anonymous_1)
FNDA:3,(anonymous_2)
FNDA:1,(anonymous_3)
FNDA:3,(anonymous_4)
DA:1,1
DA:7,1
DA:8,15
DA:10,15
DA:11,3
DA:12,3
DA:15,15
DA:16,1
DA:19,15
DA:20,3
DA:23,15
DA:31,1
LF:12
LH:12
BRF:0
BRH:0
end_of_record
